<?xml version="1.0" encoding="UTF-8"?>
<!-- Generated by org.testng.reporters.JUnitReportReporter -->
<testsuite hostname="GGN000178070001" failures="0" tests="2" name="ParallelTC.parallelTest" time="45.661" errors="0" timestamp="8 Dec 2020 09:56:51 GMT">
  <testcase classname="ParallelTC.parallelTest" name="test1" time="22.978"/>
  <testcase classname="ParallelTC.parallelTest" name="test2" time="22.683"/>
</testsuite> <!-- ParallelTC.parallelTest -->
